GET / 200 1171 - 18.135 ms
GET /js/jquery-1.8.3.js 304 - - 1.958 ms
GET /favicon.ico 404 1937 - 1503.101 ms
GET /l 404 1937 - 3.285 ms
GET /l 404 1938 - 2.155 ms
GET /l 404 1942 - 2.485 ms
GET /l 404 1942 - 1.947 ms
GET /l 404 1942 - 3.845 ms
GET /l 404 1933 - 2.271 ms
GET /l 404 1933 - 1.441 ms
GET /l 404 1933 - 2.743 ms
GET /l 404 1941 - 2.609 ms
GET /l 404 1940 - 2.788 ms
GET /l 404 1938 - 2.456 ms
GET /l 404 1937 - 1.583 ms
GET /l 404 1991 - 2.206 ms
GET /l 404 665 - 30.605 ms
GET /css/style.css 304 - - 0.633 ms
GET /l 404 672 - 18.979 ms
GET /css/style.css 304 - - 0.394 ms
GET /l 404 665 - 14.638 ms
GET /css/style.css 304 - - 0.913 ms
GET /l 404 671 - 10.961 ms
GET /css/style.css 304 - - 0.422 ms
GET /l 404 677 - 14.016 ms
GET /css/style.css 304 - - 0.904 ms
GET /l 404 669 - 11.154 ms
GET /css/style.css 304 - - 0.734 ms
GET /l 404 668 - 14.454 ms
GET /css/style.css 304 - - 0.666 ms
GET /l 404 860 - 17.284 ms
GET /css/style.css 304 - - 0.534 ms
GET /l 404 851 - 17.332 ms
GET /css/style.css 304 - - 0.489 ms
GET /l 404 860 - 14.252 ms
GET /css/style.css 304 - - 0.389 ms
