GET / 200 1209 - 9.435 ms
GET /js/index.js 200 - - 3.947 ms
GET /js/jquery-1.8.3.js 200 275529 - 35.305 ms
GET /favicon.ico 404 860 - 1206.083 ms
GET / 200 1213 - 13.889 ms
GET /js/jquery-1.8.3.js 304 - - 3.346 ms
GET /js/index.js 304 - - 3.223 ms
GET / 200 1213 - 10.849 ms
GET /js/jquery-1.8.3.js 304 - - 2.715 ms
GET /js/index.js 304 - - 2.562 ms
GET / 200 1213 - 2.003 ms
GET /gethtml?url1=http%3A%2F%2Fwww.feemoo.com%2Fyythems_ajax.php&url2=http%3A%2F%2Fwww.qq.com%2F - - - - ms
POST /user - - - - ms
POST /user - - - - ms
GET /js/jquery-1.8.3.js 304 - - 0.892 ms
GET /js/index.js 304 - - 0.908 ms
POST /user 200 48 - 8.866 ms
POST /user 403 869 - 240.192 ms
POST /user 403 869 - 18.609 ms
POST /user 403 869 - 23.635 ms
POST /user 403 869 - 18.970 ms
