GET /user 404 860 - 24.545 ms
GET / 200 1213 - 15.673 ms
GET /js/index.js 200 - - 3.788 ms
GET /js/jquery-1.8.3.js 200 275529 - 32.239 ms
POST /user 200 48 - 11.871 ms
GET / 200 1209 - 2.472 ms
GET /js/jquery-1.8.3.js 304 - - 0.567 ms
GET /js/index.js 304 - - 0.530 ms
GET / 200 1209 - 1.626 ms
GET /js/jquery-1.8.3.js 304 - - 0.744 ms
GET /js/index.js 304 - - 0.735 ms
GET / 200 1208 - 1.463 ms
GET /js/jquery-1.8.3.js 304 - - 0.680 ms
GET /js/index.js 304 - - 0.693 ms
GET / 200 1209 - 2.255 ms
GET /js/jquery-1.8.3.js 304 - - 0.850 ms
GET /js/index.js 304 - - 1.000 ms
GET / 200 1209 - 2.459 ms
GET /js/jquery-1.8.3.js 304 - - 1.125 ms
GET /js/index.js 304 - - 1.200 ms
GET / 200 1209 - 1.681 ms
GET /js/jquery-1.8.3.js 304 - - 1.607 ms
GET /js/index.js 304 - - 1.494 ms
GET / 200 1209 - 1.295 ms
GET /js/jquery-1.8.3.js 304 - - 0.614 ms
GET /js/index.js 304 - - 0.642 ms
GET / 200 1214 - 5.768 ms
GET /js/jquery-1.8.3.js 304 - - 0.932 ms
GET /js/index.js 304 - - 0.779 ms
