GET / 200 749 - 12.221 ms
GET /js/jquery-1.8.3.js 304 - - 1.742 ms
GET / 200 749 - 1.925 ms
GET /js/jquery-1.8.3.js 200 275529 - 32.316 ms
GET /favicon.ico 404 144 - 275.532 ms
GET /favicon.ico - - - - ms
GET / 200 749 - 1.558 ms
GET /js/jquery-1.8.3.js 200 275529 - 1.063 ms
GET /favicon.ico 404 144 - 10.442 ms
GET / 200 749 - 5.884 ms
GET /js/jquery-1.8.3.js 200 275529 - 2.725 ms
GET /favicon.ico 404 144 - 31.872 ms
GET / 200 749 - 3.927 ms
GET /js/jquery-1.8.3.js 304 - - 1.461 ms
GET / 200 749 - 3.740 ms
GET /js/jquery-1.8.3.js 304 - - 1.305 ms
GET / 200 749 - 1.192 ms
GET /js/jquery-1.8.3.js 304 - - 0.719 ms
GET / 200 749 - 1.316 ms
GET /js/jquery-1.8.3.js 304 - - 0.632 ms
GET /favicon.ico 404 144 - 8.076 ms
GET / 200 749 - 2.355 ms
GET /js/jquery-1.8.3.js 304 - - 1.186 ms
POST /user 403 153 - 22.044 ms
GET / 200 749 - 0.946 ms
GET /js/jquery-1.8.3.js 304 - - 0.501 ms
POST /user 200 99 - 126.055 ms
GET / 200 749 - 14.231 ms
GET /js/jquery-1.8.3.js 304 - - 1.728 ms
POST /user 200 99 - 146.842 ms
GET / 200 749 - 9.698 ms
GET /js/jquery-1.8.3.js 304 - - 1.361 ms
GET / 200 749 - 14.320 ms
GET /js/jquery-1.8.3.js 304 - - 1.661 ms
POST /user 403 153 - 259.907 ms
GET / 200 753 - 2.277 ms
GET /js/jquery-1.8.3.js 304 - - 0.657 ms
POST /user 200 99 - 128.785 ms
GET / 200 753 - 2.039 ms
GET /js/jquery-1.8.3.js 304 - - 0.584 ms
POST /user 403 153 - 11.947 ms
GET / 200 753 - 1.061 ms
GET /js/jquery-1.8.3.js 304 - - 0.409 ms
POST /user 403 153 - 7.750 ms
GET / 200 753 - 0.922 ms
GET /js/jquery-1.8.3.js 304 - - 0.480 ms
POST /user 403 153 - 9.311 ms
GET / 200 753 - 13.467 ms
GET /js/jquery-1.8.3.js 304 - - 1.732 ms
POST /user 403 153 - 257.417 ms
GET / 200 753 - 11.337 ms
GET /js/jquery-1.8.3.js 304 - - 1.630 ms
POST /user 403 153 - 232.891 ms
GET / 200 749 - 2.834 ms
GET /js/jquery-1.8.3.js 304 - - 0.665 ms
POST /user 200 99 - 132.360 ms
GET / 200 1115 - 15.524 ms
GET /js/jquery-1.8.3.js 304 - - 3.221 ms
GET /gethtml?url=6sXy2Pmg-tWsP9MLaFR28beQSqYTewQFEzh4 404 144 - 230.591 ms
GET / 200 1100 - 13.901 ms
GET /js/jquery-1.8.3.js 304 - - 2.743 ms
GET /gethtml?url=www.qcourse.com 404 144 - 227.627 ms
GET / 200 1100 - 15.460 ms
GET /js/jquery-1.8.3.js 304 - - 2.276 ms
GET /gethtml?url=www.qcourse.com 404 144 - 231.457 ms
GET / 200 1100 - 15.597 ms
GET /js/jquery-1.8.3.js 304 - - 2.425 ms
GET / 200 1100 - 17.568 ms
GET /js/jquery-1.8.3.js 304 - - 2.815 ms
GET / 200 1143 - 2.142 ms
GET /gethtml?url=www.qcourse.com - - - - ms
GET /js/jquery-1.8.3.js 304 - - 0.802 ms
POST /user 200 99 - 146.256 ms
GET / 200 1143 - 21.813 ms
GET /js/jquery-1.8.3.js 304 - - 2.901 ms
POST /user 200 99 - 139.187 ms
GET / 200 1204 - 16.479 ms
GET /js/jquery-1.8.3.js 304 - - 2.428 ms
POST /gethtml - - - - ms
POST /gethtml 403 153 - 246.474 ms
GET / 200 1203 - 8.309 ms
GET /js/jquery-1.8.3.js 304 - - 1.640 ms
GET /gethtml?_csrf=71JP9sP7-z6NLrqUtcxP-0-gW5r2vq1MlRck&url1=www.qcourse.com&url2=www.baidu.com 404 144 - 12.029 ms
GET / 200 1206 - 2.905 ms
GET /js/jquery-1.8.3.js 304 - - 0.480 ms
GET /gethtml?url1=www.qcourse.com&url2=www.baidu.com 404 144 - 7.429 ms
GET / 200 1209 - 1.377 ms
GET /js/jquery-1.8.3.js 304 - - 0.515 ms
GET /gethtml?url1=www.qcourse.com 404 144 - 8.593 ms
GET / 200 1204 - 15.650 ms
GET /js/jquery-1.8.3.js 304 - - 1.409 ms
GET / 200 1206 - 17.378 ms
GET /js/jquery-1.8.3.js 304 - - 2.170 ms
GET / 200 1206 - 16.785 ms
GET /js/jquery-1.8.3.js 304 - - 2.614 ms
GET / 200 1206 - 15.690 ms
GET /js/jquery-1.8.3.js 304 - - 1.642 ms
GET /gethtml?url1=www.qcourse.com&url2=www.baidu.com 500 167 - 232.248 ms
GET / 200 1206 - 14.144 ms
GET /js/jquery-1.8.3.js 304 - - 1.282 ms
GET /gethtml?url1=www.qcourse.com&url2=www.baidu.com 500 167 - 232.120 ms
GET / 200 1206 - 18.418 ms
GET /js/jquery-1.8.3.js 304 - - 1.967 ms
GET /gethtml?url1=www.qcourse.com&url2=www.baidu.com 500 167 - 270.907 ms
GET / 200 1214 - 2.993 ms
GET /js/jquery-1.8.3.js 304 - - 0.621 ms
GET /gethtml?url1=https%3A%2F%2Fwww.qcourse.com&url2=www.baidu.com 500 201 - 11.056 ms
POST /user 200 99 - 147.837 ms
GET / 200 1214 - 16.258 ms
GET /js/jquery-1.8.3.js 304 - - 2.427 ms
POST /user 200 99 - 144.364 ms
GET / 200 1214 - 17.281 ms
GET /js/jquery-1.8.3.js 304 - - 1.377 ms
POST /user 200 99 - 178.400 ms
GET / 200 1214 - 12.676 ms
GET /js/jquery-1.8.3.js 304 - - 1.724 ms
GET /gethtml?url1=https%3A%2F%2Fwww.qcourse.com&url2=www.baidu.com 500 201 - 238.493 ms
GET / 200 1213 - 1.984 ms
GET /js/jquery-1.8.3.js 304 - - 1.776 ms
GET / 200 1213 - 1.247 ms
GET / 200 1213 - 14.857 ms
GET /js/jquery-1.8.3.js 304 - - 2.472 ms
GET / 200 1213 - 1.742 ms
GET / 200 1213 - 19.877 ms
GET /js/jquery-1.8.3.js 304 - - 2.047 ms
GET / 200 1213 - 1.953 ms
GET / 200 1213 - 15.169 ms
GET /js/jquery-1.8.3.js 304 - - 2.030 ms
GET / 200 1213 - 1.536 ms
GET / 200 1213 - 12.073 ms
GET /js/jquery-1.8.3.js 304 - - 1.658 ms
GET / 200 1213 - 1.329 ms
GET / 200 1213 - 9.791 ms
GET / 200 1213 - 14.962 ms
GET /js/jquery-1.8.3.js 304 - - 2.954 ms
GET / 200 1213 - 1.893 ms
GET / 200 1213 - 14.225 ms
GET /js/jquery-1.8.3.js 304 - - 1.728 ms
GET / 200 1213 - 1.293 ms
GET /gethtml?url1=http%3A%2F%2F127.0.0.1%3A3000%2F&url2=www.baidu.com - - - - ms
GET / 200 1213 - 1.769 ms
GET / 200 1213 - 19.819 ms
GET /js/jquery-1.8.3.js 304 - - 2.741 ms
GET / 200 1213 - 1.562 ms
GET / 200 1213 - 7.156 ms
GET / 200 1213 - 2.188 ms
GET /gethtml?url1=http%3A%2F%2F127.0.0.1%3A3000%2F&url2=www.baidu.com - - - - ms
GET /js/jquery-1.8.3.js 304 - - 1.885 ms
GET / 200 1213 - 0.935 ms
GET / 200 1213 - 11.174 ms
GET /js/jquery-1.8.3.js 304 - - 1.845 ms
GET / 200 1213 - 1.519 ms
POST /user 200 99 - 149.733 ms
GET /gethtml?url1=http%3A%2F%2F127.0.0.1%3A3000%2F&url2=www.baidu.com - - - - ms
GET / 200 1213 - 2.425 ms
GET / 200 1213 - 18.103 ms
GET /js/jquery-1.8.3.js 304 - - 1.742 ms
GET / 200 1213 - 1.467 ms
GET / 200 1213 - 18.572 ms
GET /js/jquery-1.8.3.js 304 - - 2.143 ms
GET / 200 1213 - 2.265 ms
GET /gethtml?url1=http%3A%2F%2F127.0.0.1%3A3000%2F&url2=www.baidu.com 200 48 - 29.847 ms
GET / 200 1213 - 15.671 ms
GET /js/jquery-1.8.3.js 304 - - 2.160 ms
GET / 200 1213 - 1.677 ms
GET /gethtml?url1=http%3A%2F%2F127.0.0.1%3A3000%2F&url2=www.baidu.com 304 - - 27.052 ms
GET / 200 1213 - 8.824 ms
GET /gethtml?url1=http%3A%2F%2F127.0.0.1%3A3000%2F&url2=www.baidu.com 304 - - 47.826 ms
GET / 200 1213 - 8.030 ms
GET /gethtml?url1=http%3A%2F%2F127.0.0.1%3A3000%2F&url2=www.baidu.com 304 - - 49.680 ms
GET / 200 1213 - 17.255 ms
GET /js/jquery-1.8.3.js 304 - - 3.399 ms
GET / 200 1213 - 1.875 ms
GET /gethtml?url1=http%3A%2F%2F127.0.0.1%3A3000%2F&url2=www.baidu.com 200 58 - 21.835 ms
GET / 200 1219 - 10.818 ms
GET /js/jquery-1.8.3.js 304 - - 1.549 ms
GET /gethtml?url1=http%3A%2F%2F127.0.0.1%3A3000%2F&url2=https%3A%2F%2Fwww.qq.com%2F 500 201 - 229.294 ms
GET / 200 1218 - 16.169 ms
GET /js/jquery-1.8.3.js 304 - - 2.043 ms
GET /gethtml?url1=http%3A%2F%2F127.0.0.1%3A3000%2F&url2=http%3A%2F%2Fwww.qq.com%2F 200 1715 - 253.050 ms
GET / 200 1218 - 15.772 ms
GET /js/jquery-1.8.3.js 304 - - 2.137 ms
GET /gethtml?url1=http%3A%2F%2F127.0.0.1%3A3000%2F&url2=http%3A%2F%2Fwww.qq.com%2F 200 48 - 370.104 ms
GET / 200 1252 - 13.663 ms
GET /js/jquery-1.8.3.js 304 - - 1.455 ms
GET /gethtml?url1=http%3A%2F%2Fwww.toutiao.com%2Fsearch_content%2F%3Foffset%3D0%26format%3Djson%26keyword%3D%25E8%25A1%2597%25E6%258B%258D%26autoload%3Dtrue%26count%3D20%26cur_tab%3D1&url2=http%3A%2F%2Fwww.qq.com%2F 200 1715 - 232.773 ms
GET / 200 1252 - 16.083 ms
GET /js/jquery-1.8.3.js 304 - - 2.132 ms
GET /gethtml?url1=http%3A%2F%2Fwww.toutiao.com%2Fsearch_content%2F%3Foffset%3D0%26format%3Djson%26keyword%3D%25E8%25A1%2597%25E6%258B%258D%26autoload%3Dtrue%26count%3D20%26cur_tab%3D1&url2=http%3A%2F%2Fwww.qq.com%2F 200 48 - 149.280 ms
GET / 200 1252 - 12.347 ms
GET /js/jquery-1.8.3.js 304 - - 1.628 ms
GET /gethtml?url1=http%3A%2F%2Fwww.toutiao.com%2Fsearch_content%2F%3Foffset%3D0%26format%3Djson%26keyword%3D%25E8%25A1%2597%25E6%258B%258D%26autoload%3Dtrue%26count%3D20%26cur_tab%3D1&url2=http%3A%2F%2Fwww.qq.com%2F 304 - - 82.613 ms
GET / 200 1322 - 1.712 ms
GET /js/jquery-1.8.3.js 304 - - 0.703 ms
GET /gethtml?url1=https%3A%2F%2Fwww.toutiao.com%2Fapi%2Fpc%2Ffeed%2F%3Fmin_behot_time%3D0%26category%3D__all__%26utm_source%3Dtoutiao%26widen%3D1%26tadrequire%3Dtrue%26as%3DA1C57B62EFC6465%26cp%3D5B2F660476957E1%26_signature%3DGsVHahAaQe6ls7aMnisgwhrFR3&url2=http%3A%2F%2Fwww.qq.com%2F 500 201 - 238.536 ms
GET / 200 1321 - 3.352 ms
GET /js/jquery-1.8.3.js 304 - - 0.653 ms
GET /gethtml?url1=http%3A%2F%2Fwww.toutiao.com%2Fapi%2Fpc%2Ffeed%2F%3Fmin_behot_time%3D0%26category%3D__all__%26utm_source%3Dtoutiao%26widen%3D1%26tadrequire%3Dtrue%26as%3DA1C57B62EFC6465%26cp%3D5B2F660476957E1%26_signature%3DGsVHahAaQe6ls7aMnisgwhrFR3&url2=http%3A%2F%2Fwww.qq.com%2F 200 48 - 22.030 ms
GET / 200 1155 - 11.298 ms
GET /js/jquery-1.8.3.js 304 - - 2.326 ms
GET /gethtml?url1=http%3A%2F%2F127.0.0.1%3A3000%2F&url2=http%3A%2F%2Fwww.qq.com%2F 404 144 - 236.264 ms
GET / 200 1155 - 19.580 ms
GET /js/jquery-1.8.3.js 304 - - 1.490 ms
GET /gethtml?url1=http%3A%2F%2F127.0.0.1%3A3000%2F&url2=http%3A%2F%2Fwww.qq.com%2F 404 144 - 243.371 ms
GET / 200 1155 - 14.483 ms
GET /js/jquery-1.8.3.js 304 - - 2.475 ms
GET /gethtml?url1=http%3A%2F%2F127.0.0.1%3A3000%2F&url2=http%3A%2F%2Fwww.qq.com%2F 404 144 - 246.064 ms
GET / 200 1155 - 18.293 ms
GET /js/jquery-1.8.3.js 304 - - 1.388 ms
GET /gethtml?url1=http%3A%2F%2F127.0.0.1%3A3000%2F&url2=http%3A%2F%2Fwww.qq.com%2F 404 144 - 226.131 ms
GET / 200 1155 - 17.293 ms
GET /js/jquery-1.8.3.js 304 - - 2.605 ms
GET / 200 1155 - 1.464 ms
GET /gethtml?url1=http%3A%2F%2F127.0.0.1%3A3000%2F&url2=http%3A%2F%2Fwww.qq.com%2F 200 48 - 21.356 ms
